Build started 12/06/2012 2:52:42 AM.
     1>Project "C:\Users\Jeff\Documents\GitHub\Diabolical-win\Diabolical-win\Diabolical-win\Diabolical-win.vcxproj" on node 2 (build target(s)).
     1>InitializeBuildStatus:
         Creating "Debug\Diabolical-win.unsuccessfulbuild" because "AlwaysCreate" was specified.
       ClCompile:
         All outputs are up-to-date.
         All outputs are up-to-date.
       ResourceCompile:
         All outputs are up-to-date.
       ManifestResourceCompile:
         All outputs are up-to-date.
       Link:
         All outputs are up-to-date.
       Manifest:
         All outputs are up-to-date.
       FinalizeBuildStatus:
         Deleting file "Debug\Diabolical-win.unsuccessfulbuild".
         Touching "Debug\Diabolical-win.lastbuildstate".
     1>Done Building Project "C:\Users\Jeff\Documents\GitHub\Diabolical-win\Diabolical-win\Diabolical-win\Diabolical-win.vcxproj" (build target(s)).

Build succeeded.

Time Elapsed 00:00:00.58
